-------------------------------------------------------------------------------
Test set: com.springboot.blog.repository.CommentRepositoryTest
-------------------------------------------------------------------------------
Tests run: 1, Failures: 1, Errors: 0, Skipped: 0, Time elapsed: 7.783 s <<< FAILURE! -- in com.springboot.blog.repository.CommentRepositoryTest
com.springboot.blog.repository.CommentRepositoryTest.findByPostId -- Time elapsed: 0.714 s <<< FAILURE!
org.opentest4j.AssertionFailedError: expected: <Camélia> but was: <CamÃ©lia>
	at org.junit.jupiter.api.AssertionFailureBuilder.build(AssertionFailureBuilder.java:151)
	at org.junit.jupiter.api.AssertionFailureBuilder.buildAndThrow(AssertionFailureBuilder.java:132)
	at org.junit.jupiter.api.AssertEquals.failNotEqual(AssertEquals.java:197)
	at org.junit.jupiter.api.AssertEquals.assertEquals(AssertEquals.java:182)
	at org.junit.jupiter.api.AssertEquals.assertEquals(AssertEquals.java:177)
	at org.junit.jupiter.api.Assertions.assertEquals(Assertions.java:1145)
	at com.springboot.blog.repository.CommentRepositoryTest.findByPostId(CommentRepositoryTest.java:19)
	at java.base/java.lang.reflect.Method.invoke(Method.java:568)
	at java.base/java.util.ArrayList.forEach(ArrayList.java:1511)
	at java.base/java.util.ArrayList.forEach(ArrayList.java:1511)

