<?xml version="1.0" encoding="UTF-8"?>
<testsuite xmlns:xsi="http://www.w3.org/2001/XMLSchema-instance" xsi:noNamespaceSchemaLocation="https://maven.apache.org/surefire/maven-surefire-plugin/xsd/surefire-test-report-3.0.xsd" version="3.0" name="com.springboot.blog.controller.PostControllerIntegrationTest" time="11.448" tests="12" errors="0" skipped="0" failures="0">
  <properties>
[...]
</properties>
  <testcase name="getPostsByCategory" classname="com.springboot.blog.controller.PostControllerIntegrationTest" time="0.974">
    <system-out><![CDATA[2024-02-07T17:05:49.050+01:00  INFO 17120 --- [           main] t.c.s.AnnotationConfigContextLoaderUtils : Could not detect default configuration classes for test class [com.springboot.blog.controller.PostControllerIntegrationTest]: PostControllerIntegrationTest does not declare any static, non-private, non-final, nested classes annotated with @Configuration.
2024-02-07T17:05:49.061+01:00  INFO 17120 --- [           main] .b.t.c.SpringBootTestContextBootstrapper : Found @SpringBootConfiguration com.springboot.blog.SpringbootBlogRestApiApplication for test class com.springboot.blog.controller.PostControllerIntegrationTest
2024-02-07T17:05:49.067+01:00 DEBUG 17120 --- [           main] .s.t.c.j.SqlScriptsTestExecutionListener : Processing merged @SqlConfig attributes for execution phase [BEFORE_TEST_METHOD] and test class [com.springboot.blog.controller.PostControllerIntegrationTest]
2024-02-07T17:05:49.067+01:00 DEBUG 17120 --- [           main] .s.t.c.j.SqlScriptsTestExecutionListener : Executing SQL scripts: [class path resource [data-integration.sql]]
kJ3(1SY6uMM
eyJhbGciOiJIUzM4NCJ9.eyJzdWIiOiJkZ2lya2luczFlIiwiaWF0IjoxNzA3MzIxOTUwLCJleHAiOjE3MDc5MjY3NTB9.YuWepL-IpEt24JbhoPlH7NHY1oolw11cTrGOGoTsyO1lE6f639hXX_0L8i9QPF22
]]></system-out>
  </testcase>
  <testcase name="whenIdIsOutAndUserRole_thenReturn200" classname="com.springboot.blog.controller.PostControllerIntegrationTest" time="0.83">
    <system-out><![CDATA[2024-02-07T17:05:50.042+01:00 DEBUG 17120 --- [           main] .s.t.c.j.SqlScriptsTestExecutionListener : Processing merged @SqlConfig attributes for execution phase [BEFORE_TEST_METHOD] and test class [com.springboot.blog.controller.PostControllerIntegrationTest]
2024-02-07T17:05:50.042+01:00 DEBUG 17120 --- [           main] .s.t.c.j.SqlScriptsTestExecutionListener : Executing SQL scripts: [class path resource [data-integration.sql]]
kJ3(1SY6uMM
eyJhbGciOiJIUzM4NCJ9.eyJzdWIiOiJkZ2lya2luczFlIiwiaWF0IjoxNzA3MzIxOTUwLCJleHAiOjE3MDc5MjY3NTB9.YuWepL-IpEt24JbhoPlH7NHY1oolw11cTrGOGoTsyO1lE6f639hXX_0L8i9QPF22
Hibernate: select u1_0.id,u1_0.email,u1_0.name,u1_0.password,u1_0.username from users u1_0 where u1_0.username=? or u1_0.email=?
Hibernate: select r1_0.user_id,r1_1.id,r1_1.name from users_roles r1_0 join roles r1_1 on r1_1.id=r1_0.role_id where r1_0.user_id=?
Hibernate: select p1_0.id,p1_0.category_id,p1_0.content,p1_0.description,p1_0.title from posts p1_0 where p1_0.id=?
]]></system-out>
  </testcase>
  <testcase name="whenIdIsNullAndUserRole_thenReturn400" classname="com.springboot.blog.controller.PostControllerIntegrationTest" time="0.849">
    <system-out><![CDATA[2024-02-07T17:05:50.873+01:00 DEBUG 17120 --- [           main] .s.t.c.j.SqlScriptsTestExecutionListener : Processing merged @SqlConfig attributes for execution phase [BEFORE_TEST_METHOD] and test class [com.springboot.blog.controller.PostControllerIntegrationTest]
2024-02-07T17:05:50.873+01:00 DEBUG 17120 --- [           main] .s.t.c.j.SqlScriptsTestExecutionListener : Executing SQL scripts: [class path resource [data-integration.sql]]
kJ3(1SY6uMM
eyJhbGciOiJIUzM4NCJ9.eyJzdWIiOiJkZ2lya2luczFlIiwiaWF0IjoxNzA3MzIxOTUxLCJleHAiOjE3MDc5MjY3NTF9.1CkGBy77FLj34yCYa0h8FS-46DB4Y5JfxBEJh95VvYFV83Sqk67pdYPlQwZsgXqC
Hibernate: select u1_0.id,u1_0.email,u1_0.name,u1_0.password,u1_0.username from users u1_0 where u1_0.username=? or u1_0.email=?
Hibernate: select r1_0.user_id,r1_1.id,r1_1.name from users_roles r1_0 join roles r1_1 on r1_1.id=r1_0.role_id where r1_0.user_id=?
<400 BAD_REQUEST Bad Request,PostDto(id=0, title=Bad Request, description=null, content=null, comments=null, categoryId=null),[Vary:"Origin", "Access-Control-Request-Method", "Access-Control-Request-Headers", X-Content-Type-Options:"nosniff", X-XSS-Protection:"0", Cache-Control:"no-cache, no-store, max-age=0, must-revalidate", Pragma:"no-cache", Expires:"0", X-Frame-Options:"DENY", Content-Type:"application/problem+json", Transfer-Encoding:"chunked", Date:"Wed, 07 Feb 2024 16:05:50 GMT", Connection:"close"]>
]]></system-out>
  </testcase>
  <testcase name="whenIdIsFinalAndUserRole_thenReturn200" classname="com.springboot.blog.controller.PostControllerIntegrationTest" time="0.825">
    <system-out><![CDATA[2024-02-07T17:05:51.723+01:00 DEBUG 17120 --- [           main] .s.t.c.j.SqlScriptsTestExecutionListener : Processing merged @SqlConfig attributes for execution phase [BEFORE_TEST_METHOD] and test class [com.springboot.blog.controller.PostControllerIntegrationTest]
2024-02-07T17:05:51.723+01:00 DEBUG 17120 --- [           main] .s.t.c.j.SqlScriptsTestExecutionListener : Executing SQL scripts: [class path resource [data-integration.sql]]
kJ3(1SY6uMM
eyJhbGciOiJIUzM4NCJ9.eyJzdWIiOiJkZ2lya2luczFlIiwiaWF0IjoxNzA3MzIxOTUyLCJleHAiOjE3MDc5MjY3NTJ9.QWHraklCrfCuErtV2tdpcxNS4ceoAawPbTAKelHeWJFSZ67Rbx2v_5XkC_vWu95s
Hibernate: select u1_0.id,u1_0.email,u1_0.name,u1_0.password,u1_0.username from users u1_0 where u1_0.username=? or u1_0.email=?
Hibernate: select r1_0.user_id,r1_1.id,r1_1.name from users_roles r1_0 join roles r1_1 on r1_1.id=r1_0.role_id where r1_0.user_id=?
Hibernate: select p1_0.id,p1_0.category_id,p1_0.content,p1_0.description,p1_0.title from posts p1_0 where p1_0.id=?
Hibernate: select c1_0.post_id,c1_0.id,c1_0.body,c1_0.email,c1_0.name from comments c1_0 where c1_0.post_id=?
]]></system-out>
  </testcase>
  <testcase name="getAllPosts" classname="com.springboot.blog.controller.PostControllerIntegrationTest" time="0.839">
    <system-out><![CDATA[2024-02-07T17:05:52.550+01:00 DEBUG 17120 --- [           main] .s.t.c.j.SqlScriptsTestExecutionListener : Processing merged @SqlConfig attributes for execution phase [BEFORE_TEST_METHOD] and test class [com.springboot.blog.controller.PostControllerIntegrationTest]
2024-02-07T17:05:52.550+01:00 DEBUG 17120 --- [           main] .s.t.c.j.SqlScriptsTestExecutionListener : Executing SQL scripts: [class path resource [data-integration.sql]]
kJ3(1SY6uMM
eyJhbGciOiJIUzM4NCJ9.eyJzdWIiOiJkZ2lya2luczFlIiwiaWF0IjoxNzA3MzIxOTUzLCJleHAiOjE3MDc5MjY3NTN9.Fkxwk-2lZ4pqsWoebiy1h0-_rhVj5OgCUDxolv-1NluE77a6CUdl-FB5nEmGlP5h
]]></system-out>
  </testcase>
  <testcase name="whenIdNotFoundAndUserRole_thenReturn404" classname="com.springboot.blog.controller.PostControllerIntegrationTest" time="0.975">
    <system-out><![CDATA[2024-02-07T17:05:53.390+01:00 DEBUG 17120 --- [           main] .s.t.c.j.SqlScriptsTestExecutionListener : Processing merged @SqlConfig attributes for execution phase [BEFORE_TEST_METHOD] and test class [com.springboot.blog.controller.PostControllerIntegrationTest]
2024-02-07T17:05:53.391+01:00 DEBUG 17120 --- [           main] .s.t.c.j.SqlScriptsTestExecutionListener : Executing SQL scripts: [class path resource [data-integration.sql]]
kJ3(1SY6uMM
eyJhbGciOiJIUzM4NCJ9.eyJzdWIiOiJkZ2lya2luczFlIiwiaWF0IjoxNzA3MzIxOTU0LCJleHAiOjE3MDc5MjY3NTR9.f0wqhsDwtUwqQHimieLbtaTeAzgo6bJYFnc4u5MUM36iWaW8p3wlhLXFZbrIsIcj
Hibernate: select u1_0.id,u1_0.email,u1_0.name,u1_0.password,u1_0.username from users u1_0 where u1_0.username=? or u1_0.email=?
Hibernate: select r1_0.user_id,r1_1.id,r1_1.name from users_roles r1_0 join roles r1_1 on r1_1.id=r1_0.role_id where r1_0.user_id=?
Hibernate: select p1_0.id,p1_0.category_id,p1_0.content,p1_0.description,p1_0.title from posts p1_0 where p1_0.id=?
]]></system-out>
  </testcase>
  <testcase name="whenIdPostIsNotValid_thenReturnHttp404" classname="com.springboot.blog.controller.PostControllerIntegrationTest" time="1.065">
    <system-out><![CDATA[2024-02-07T17:05:54.367+01:00 DEBUG 17120 --- [           main] .s.t.c.j.SqlScriptsTestExecutionListener : Processing merged @SqlConfig attributes for execution phase [BEFORE_TEST_METHOD] and test class [com.springboot.blog.controller.PostControllerIntegrationTest]
2024-02-07T17:05:54.368+01:00 DEBUG 17120 --- [           main] .s.t.c.j.SqlScriptsTestExecutionListener : Executing SQL scripts: [class path resource [data-integration.sql]]
kJ3(1SY6uMM
eyJhbGciOiJIUzM4NCJ9.eyJzdWIiOiJkZ2lya2luczFlIiwiaWF0IjoxNzA3MzIxOTU1LCJleHAiOjE3MDc5MjY3NTV9.BIUJv-AxBAi3GT8CE1LZaH4aten_NlqYPjn-rXiCzutoMsHT_5-VH72jNFYJDIsk
Hibernate: select u1_0.id,u1_0.email,u1_0.name,u1_0.password,u1_0.username from users u1_0 where u1_0.username=? or u1_0.email=?
Hibernate: select r1_0.user_id,r1_1.id,r1_1.name from users_roles r1_0 join roles r1_1 on r1_1.id=r1_0.role_id where r1_0.user_id=?
Hibernate: select p1_0.id,p1_0.category_id,p1_0.content,p1_0.description,p1_0.title from posts p1_0 where p1_0.id=?
<404 NOT_FOUND Not Found,PostDto(id=0, title=null, description=null, content=null, comments=null, categoryId=null),[Vary:"Origin", "Access-Control-Request-Method", "Access-Control-Request-Headers", X-Content-Type-Options:"nosniff", X-XSS-Protection:"0", Cache-Control:"no-cache, no-store, max-age=0, must-revalidate", Pragma:"no-cache", Expires:"0", X-Frame-Options:"DENY", Content-Type:"application/json", Transfer-Encoding:"chunked", Date:"Wed, 07 Feb 2024 16:05:55 GMT", Keep-Alive:"timeout=60", Connection:"keep-alive"]>
]]></system-out>
  </testcase>
  <testcase name="whenIdExistsAndUserRole_thenGetPostDtoAndReturn200" classname="com.springboot.blog.controller.PostControllerIntegrationTest" time="1.07">
    <system-out><![CDATA[2024-02-07T17:05:55.434+01:00 DEBUG 17120 --- [           main] .s.t.c.j.SqlScriptsTestExecutionListener : Processing merged @SqlConfig attributes for execution phase [BEFORE_TEST_METHOD] and test class [com.springboot.blog.controller.PostControllerIntegrationTest]
2024-02-07T17:05:55.435+01:00 DEBUG 17120 --- [           main] .s.t.c.j.SqlScriptsTestExecutionListener : Executing SQL scripts: [class path resource [data-integration.sql]]
kJ3(1SY6uMM
eyJhbGciOiJIUzM4NCJ9.eyJzdWIiOiJkZ2lya2luczFlIiwiaWF0IjoxNzA3MzIxOTU2LCJleHAiOjE3MDc5MjY3NTZ9.M6vQ16RUvJTU3JsCo_PXBtrSSklpF6DLQQwtYIxybDi9YSBTQOZQ6ZqC9wK24Hd5
Hibernate: select u1_0.id,u1_0.email,u1_0.name,u1_0.password,u1_0.username from users u1_0 where u1_0.username=? or u1_0.email=?
Hibernate: select r1_0.user_id,r1_1.id,r1_1.name from users_roles r1_0 join roles r1_1 on r1_1.id=r1_0.role_id where r1_0.user_id=?
Hibernate: select p1_0.id,p1_0.category_id,p1_0.content,p1_0.description,p1_0.title from posts p1_0 where p1_0.id=?
Hibernate: select c1_0.post_id,c1_0.id,c1_0.body,c1_0.email,c1_0.name from comments c1_0 where c1_0.post_id=?
]]></system-out>
  </testcase>
  <testcase name="whenIdPostAndUpdatePostDtoIsOk_thenReturnHttp200" classname="com.springboot.blog.controller.PostControllerIntegrationTest" time="1.015">
    <system-out><![CDATA[2024-02-07T17:05:56.506+01:00 DEBUG 17120 --- [           main] .s.t.c.j.SqlScriptsTestExecutionListener : Processing merged @SqlConfig attributes for execution phase [BEFORE_TEST_METHOD] and test class [com.springboot.blog.controller.PostControllerIntegrationTest]
2024-02-07T17:05:56.506+01:00 DEBUG 17120 --- [           main] .s.t.c.j.SqlScriptsTestExecutionListener : Executing SQL scripts: [class path resource [data-integration.sql]]
kJ3(1SY6uMM
eyJhbGciOiJIUzM4NCJ9.eyJzdWIiOiJkZ2lya2luczFlIiwiaWF0IjoxNzA3MzIxOTU3LCJleHAiOjE3MDc5MjY3NTd9.Yf1DLtVtqW32LCaUlQWVDB9cCugSLu-3mf78uc62igRAnN97QRPzmottn3jcH1aC
Hibernate: select u1_0.id,u1_0.email,u1_0.name,u1_0.password,u1_0.username from users u1_0 where u1_0.username=? or u1_0.email=?
Hibernate: select r1_0.user_id,r1_1.id,r1_1.name from users_roles r1_0 join roles r1_1 on r1_1.id=r1_0.role_id where r1_0.user_id=?
Hibernate: select p1_0.id,p1_0.category_id,p1_0.content,p1_0.description,p1_0.title from posts p1_0 where p1_0.id=?
Hibernate: select c1_0.id,c1_0.description,c1_0.name from categories c1_0 where c1_0.id=?
Hibernate: update posts set category_id=?,content=?,description=?,title=? where id=?
Hibernate: select c1_0.post_id,c1_0.id,c1_0.body,c1_0.email,c1_0.name from comments c1_0 where c1_0.post_id=?
PostDto(id=0, title=Titulo test, description=El post está redactado regular, content=El contenido del post, comments=null, categoryId=1)
]]></system-out>
  </testcase>
  <testcase name="createPost" classname="com.springboot.blog.controller.PostControllerIntegrationTest" time="0.966">
    <system-out><![CDATA[2024-02-07T17:05:57.521+01:00 DEBUG 17120 --- [           main] .s.t.c.j.SqlScriptsTestExecutionListener : Processing merged @SqlConfig attributes for execution phase [BEFORE_TEST_METHOD] and test class [com.springboot.blog.controller.PostControllerIntegrationTest]
2024-02-07T17:05:57.521+01:00 DEBUG 17120 --- [           main] .s.t.c.j.SqlScriptsTestExecutionListener : Executing SQL scripts: [class path resource [data-integration.sql]]
kJ3(1SY6uMM
eyJhbGciOiJIUzM4NCJ9.eyJzdWIiOiJkZ2lya2luczFlIiwiaWF0IjoxNzA3MzIxOTU4LCJleHAiOjE3MDc5MjY3NTh9.y37ib1PqwFlCP0OYQaimreE2EOQClZhk-tLZD98UD2kf1T95OJMTeNO4fVa7U1Ky
]]></system-out>
  </testcase>
  <testcase name="deletePost" classname="com.springboot.blog.controller.PostControllerIntegrationTest" time="1.014">
    <system-out><![CDATA[2024-02-07T17:05:58.488+01:00 DEBUG 17120 --- [           main] .s.t.c.j.SqlScriptsTestExecutionListener : Processing merged @SqlConfig attributes for execution phase [BEFORE_TEST_METHOD] and test class [com.springboot.blog.controller.PostControllerIntegrationTest]
2024-02-07T17:05:58.488+01:00 DEBUG 17120 --- [           main] .s.t.c.j.SqlScriptsTestExecutionListener : Executing SQL scripts: [class path resource [data-integration.sql]]
kJ3(1SY6uMM
eyJhbGciOiJIUzM4NCJ9.eyJzdWIiOiJkZ2lya2luczFlIiwiaWF0IjoxNzA3MzIxOTU5LCJleHAiOjE3MDc5MjY3NTl9.XxQYZ6cD977yMlQx2z2Mibvbp4aDKwpWlLoO4nA-dXUTQSArusMYuHh8ZOFBVlXt
]]></system-out>
  </testcase>
  <testcase name="whenInvalidPostDto_thenReturnHttp400" classname="com.springboot.blog.controller.PostControllerIntegrationTest" time="0.992">
    <system-out><![CDATA[2024-02-07T17:05:59.503+01:00 DEBUG 17120 --- [           main] .s.t.c.j.SqlScriptsTestExecutionListener : Processing merged @SqlConfig attributes for execution phase [BEFORE_TEST_METHOD] and test class [com.springboot.blog.controller.PostControllerIntegrationTest]
2024-02-07T17:05:59.503+01:00 DEBUG 17120 --- [           main] .s.t.c.j.SqlScriptsTestExecutionListener : Executing SQL scripts: [class path resource [data-integration.sql]]
kJ3(1SY6uMM
eyJhbGciOiJIUzM4NCJ9.eyJzdWIiOiJkZ2lya2luczFlIiwiaWF0IjoxNzA3MzIxOTYwLCJleHAiOjE3MDc5MjY3NjB9.fFHsOZ7omVYkq5akJp3rt3guiVoY7hUVJZ8UQc91YIUKq1itPawVe-3TDUcG5g0t
Hibernate: select u1_0.id,u1_0.email,u1_0.name,u1_0.password,u1_0.username from users u1_0 where u1_0.username=? or u1_0.email=?
Hibernate: select r1_0.user_id,r1_1.id,r1_1.name from users_roles r1_0 join roles r1_1 on r1_1.id=r1_0.role_id where r1_0.user_id=?
<400 BAD_REQUEST Bad Request,PostDto(id=0, title=no debe estar vacío, description=no debe estar vacío, content=no debe estar vacío, comments=null, categoryId=null),[Vary:"Origin", "Access-Control-Request-Method", "Access-Control-Request-Headers", X-Content-Type-Options:"nosniff", X-XSS-Protection:"0", Cache-Control:"no-cache, no-store, max-age=0, must-revalidate", Pragma:"no-cache", Expires:"0", X-Frame-Options:"DENY", Content-Type:"application/json", Transfer-Encoding:"chunked", Date:"Wed, 07 Feb 2024 16:06:00 GMT", Connection:"close"]>
]]></system-out>
  </testcase>
</testsuite>